<?xml version="1.0" encoding="UTF-8"?>
<!-- Generated by org.testng.reporters.JUnitXMLReporter -->
<testsuite ignored="0" hostname="LAPTOP-MBVVQQFB" failures="0" tests="1" name="Default test" time="0.14" errors="0" timestamp="2022-05-27T10:18:44 IST">
  <testcase classname="jQueryAppTestNg.VerifyDemosHeadersOfJQuery" name="@BeforeTest LaunchBrowser" time="-1.653626924778E9">
    <failure type="org.testng.TestNGException" message="
Parameter &amp;apos;browserName&amp;apos; is required by BeforeTest on method LaunchBrowser but has not been marked @Optional or defined
in C:\Users\91952\AppData\Local\Temp\testng-eclipse-1307161317\testng-customsuite.xml">
      <![CDATA[org.testng.TestNGException: 
Parameter 'browserName' is required by BeforeTest on method LaunchBrowser but has not been marked @Optional or defined
in C:\Users\91952\AppData\Local\Temp\testng-eclipse-1307161317\testng-customsuite.xml
at org.testng.internal.Parameters.createParams(Parameters.java:267)
at org.testng.internal.Parameters.createParametersForMethod(Parameters.java:355)
at org.testng.internal.Parameters.createParameters(Parameters.java:684)
at org.testng.internal.Parameters.createConfigurationParameters(Parameters.java:166)
at org.testng.internal.invokers.ConfigInvoker.invokeConfigurations(ConfigInvoker.java:277)
at org.testng.TestRunner.invokeTestConfigurations(TestRunner.java:643)
at org.testng.TestRunner.beforeRun(TestRunner.java:632)
at org.testng.TestRunner.run(TestRunner.java:594)
at org.testng.SuiteRunner.runTest(SuiteRunner.java:433)
at org.testng.SuiteRunner.runSequentially(SuiteRunner.java:427)
at org.testng.SuiteRunner.privateRun(SuiteRunner.java:387)
at org.testng.SuiteRunner.run(SuiteRunner.java:330)
at org.testng.SuiteRunnerWorker.runSuite(SuiteRunnerWorker.java:52)
at org.testng.SuiteRunnerWorker.run(SuiteRunnerWorker.java:95)
at org.testng.TestNG.runSuitesSequentially(TestNG.java:1256)
at org.testng.TestNG.runSuitesLocally(TestNG.java:1176)
at org.testng.TestNG.runSuites(TestNG.java:1099)
at org.testng.TestNG.run(TestNG.java:1067)
at org.testng.remote.AbstractRemoteTestNG.run(AbstractRemoteTestNG.java:115)
at org.testng.remote.RemoteTestNG.initAndRun(RemoteTestNG.java:251)
at org.testng.remote.RemoteTestNG.main(RemoteTestNG.java:77)
]]>
    </failure>
  </testcase> <!-- @BeforeTest LaunchBrowser -->
  <testcase classname="jQueryAppTestNg.VerifyDemosHeadersOfJQuery" name="@BeforeClass creatPomObjects" time="0.0">
    <skipped/>
  </testcase> <!-- @BeforeClass creatPomObjects -->
  <testcase classname="jQueryAppTestNg.VerifyDemosHeadersOfJQuery" name="@BeforeMethod LaunchApplication" time="0.0">
    <skipped/>
  </testcase> <!-- @BeforeMethod LaunchApplication -->
  <testcase classname="jQueryAppTestNg.VerifyDemosHeadersOfJQuery" name="@AfterMethod capturescreenshot" time="0.0">
    <skipped/>
  </testcase> <!-- @AfterMethod capturescreenshot -->
  <testcase classname="jQueryAppTestNg.VerifyDemosHeadersOfJQuery" name="@AfterClass clearObjects" time="0.0">
    <skipped/>
  </testcase> <!-- @AfterClass clearObjects -->
  <testcase classname="jQueryAppTestNg.VerifyDemosHeadersOfJQuery" name="@AfterTest closeBrowesr" time="0.0">
    <skipped/>
  </testcase> <!-- @AfterTest closeBrowesr -->
  <testcase classname="jQueryAppTestNg.VerifyDemosHeadersOfJQuery" name="VerifyDemosTab" time="0.001">
    <skipped/>
  </testcase> <!-- VerifyDemosTab -->
</testsuite> <!-- Default test -->
