<!DOCTYPE html PUBLIC "-//W3C//DTD XHTML 1.1//EN" "https://www.w3.org/TR/xhtml11/DTD/xhtml11.dtd">
<html xmlns="https://www.w3.org/1999/xhtml">
<head>
<meta http-equiv="content-type" content="text/html; charset=UTF-8"/>
<title>TestNG Report</title>
<style type="text/css">table {margin-bottom:10px;border-collapse:collapse;empty-cells:show}th,td {border:1px solid #009;padding:.25em .5em}th {vertical-align:bottom}td {vertical-align:top}table a {font-weight:bold}.stripe td {background-color: #E6EBF9}.num {text-align:right}.passedodd td {background-color: #3F3}.passedeven td {background-color: #0A0}.skippedodd td {background-color: #DDD}.skippedeven td {background-color: #CCC}.failedodd td,.attn {background-color: #F33}.failedeven td,.stripe .attn {background-color: #D00}.stacktrace {white-space:pre;font-family:monospace}.totop {font-size:85%;text-align:center;border-bottom:2px solid #000}.invisible {display:none}</style>
</head>
<body>
<table>
<tr><th>Test</th><th># Passed</th><th># Skipped</th><th># Retried</th><th># Failed</th><th>Time (ms)</th><th>Included Groups</th><th>Excluded Groups</th></tr>
<tr><th colspan="8">Suite</th></tr>
<tr><td><a href="#t0">ChromeTest</a></td><td class="num">0</td><td class="num attn">3</td><td class="num">0</td><td class="num">0</td><td class="num">2,445</td><td></td><td></td></tr>
<tr class="stripe"><td><a href="#t1">EdgeTest</a></td><td class="num">2</td><td class="num">0</td><td class="num">0</td><td class="num attn">1</td><td class="num">19,323</td><td></td><td></td></tr>
<tr><th>Total</th><th class="num">2</th><th class="num attn">3</th><th class="num">0</th><th class="num attn">1</th><th class="num">21,768</th><th colspan="2"></th></tr>
</table>
<table id='summary'><thead><tr><th>Class</th><th>Method</th><th>Start</th><th>Time (ms)</th></tr></thead><tbody><tr><th colspan="4">Suite</th></tr></tbody><tbody id="t0"><tr><th colspan="4">ChromeTest &#8212; failed (configuration methods)</th></tr><tr class="failedeven"><td rowspan="1">jQueryAppTestNg.VerifyDemosHeadersOfJQuery</td><td><a href="#m0">LaunchBrowser</a></td><td rowspan="1">1653647822212</td><td rowspan="1">2289</td></tr><tr><th colspan="4">ChromeTest &#8212; skipped (configuration methods)</th></tr><tr class="skippedeven"><td rowspan="5">jQueryAppTestNg.VerifyDemosHeadersOfJQuery</td><td><a href="#m1">LaunchApplication</a></td><td rowspan="1">1653647824572</td><td rowspan="1">0</td></tr><tr class="skippedeven"><td><a href="#m2">capturescreenshot</a></td><td rowspan="1">1653647824583</td><td rowspan="1">0</td></tr><tr class="skippedeven"><td><a href="#m3">clearObjects</a></td><td rowspan="1">1653647824587</td><td rowspan="1">0</td></tr><tr class="skippedeven"><td><a href="#m4">closeBrowesr</a></td><td rowspan="1">1653647824632</td><td rowspan="1">0</td></tr><tr class="skippedeven"><td><a href="#m5">creatPomObjects</a></td><td rowspan="1">1653647824549</td><td rowspan="1">0</td></tr><tr class="skippedodd"><td rowspan="5">jQueryAppTestNg.VerifyDraggablepageofJquery</td><td><a href="#m6">clearObject</a></td><td rowspan="1">1653647824603</td><td rowspan="1">0</td></tr><tr class="skippedodd"><td><a href="#m7">closeBrowser</a></td><td rowspan="1">1653647824634</td><td rowspan="1">0</td></tr><tr class="skippedodd"><td><a href="#m8">createPOMObjects</a></td><td rowspan="1">1653647824549</td><td rowspan="1">0</td></tr><tr class="skippedodd"><td><a href="#m9">launchBrowser</a></td><td rowspan="1">1653647824512</td><td rowspan="1">0</td></tr><tr class="skippedodd"><td><a href="#m10">openApplication</a></td><td rowspan="1">1653647824573</td><td rowspan="1">0</td></tr><tr class="skippedeven"><td rowspan="5">jQueryAppTestNg.VerifyDroppablePageofJQuery</td><td><a href="#m11">clearobject</a></td><td rowspan="1">1653647824623</td><td rowspan="1">0</td></tr><tr class="skippedeven"><td><a href="#m12">closeBrowser</a></td><td rowspan="1">1653647824636</td><td rowspan="1">0</td></tr><tr class="skippedeven"><td><a href="#m13">createPOMObjects</a></td><td rowspan="1">1653647824552</td><td rowspan="1">0</td></tr><tr class="skippedeven"><td><a href="#m14">launchBrowser</a></td><td rowspan="1">1653647824518</td><td rowspan="1">0</td></tr><tr class="skippedeven"><td><a href="#m15">openApplication</a></td><td rowspan="1">1653647824572</td><td rowspan="1">0</td></tr><tr><th colspan="4">ChromeTest &#8212; skipped</th></tr><tr class="skippedeven"><td rowspan="1">jQueryAppTestNg.VerifyDemosHeadersOfJQuery</td><td><a href="#m16">VerifyDemosTab</a></td><td rowspan="1">1653647824575</td><td rowspan="1">0</td></tr><tr class="skippedodd"><td rowspan="1">jQueryAppTestNg.VerifyDraggablepageofJquery</td><td><a href="#m17">verifyDraggableTab</a></td><td rowspan="1">1653647824590</td><td rowspan="1">0</td></tr><tr class="skippedeven"><td rowspan="1">jQueryAppTestNg.VerifyDroppablePageofJQuery</td><td><a href="#m18">verifyDroppableTab</a></td><td rowspan="1">1653647824589</td><td rowspan="1">0</td></tr></tbody>
<tbody id="t1"><tr><th colspan="4">EdgeTest &#8212; failed</th></tr><tr class="failedeven"><td rowspan="1">jQueryAppTestNg.VerifyDemosHeadersOfJQuery</td><td><a href="#m19">VerifyDemosTab</a></td><td rowspan="1">1653647839555</td><td rowspan="1">1103</td></tr><tr><th colspan="4">EdgeTest &#8212; passed</th></tr><tr class="passedeven"><td rowspan="1">jQueryAppTestNg.VerifyDraggablepageofJquery</td><td><a href="#m20">verifyDraggableTab</a></td><td rowspan="1">1653647839561</td><td rowspan="1">3827</td></tr><tr class="passedodd"><td rowspan="1">jQueryAppTestNg.VerifyDroppablePageofJQuery</td><td><a href="#m21">verifyDroppableTab</a></td><td rowspan="1">1653647840593</td><td rowspan="1">2490</td></tr></tbody>
</table>
<h2>ChromeTest</h2><h3 id="m0">jQueryAppTestNg.VerifyDemosHeadersOfJQuery#LaunchBrowser</h3><table class="result"><tr class="param"><th>Parameter #1</th></tr><tr class="param stripe"><td>Chrome</td></tr><tr><th>Exception</th></tr><tr><td><div class="stacktrace">org.openqa.selenium.SessionNotCreatedException: session not created: This version of ChromeDriver only supports Chrome version 100
Current browser version is 102.0.5005.61 with binary path C:\Program Files\Google\Chrome\Application\chrome.exe
Build info: version: &apos;3.141.59&apos;, revision: &apos;e82be7d358&apos;, time: &apos;2018-11-14T08:17:03&apos;
System info: host: &apos;LAPTOP-MBVVQQFB&apos;, ip: &apos;192.168.224.177&apos;, os.name: &apos;Windows 10&apos;, os.arch: &apos;amd64&apos;, os.version: &apos;10.0&apos;, java.version: &apos;17.0.1&apos;
Driver info: driver.version: ChromeDriver
remote stacktrace: Backtrace:
	Ordinal0 [0x00C77413+2389011]
	Ordinal0 [0x00C09F61+1941345]
	Ordinal0 [0x00AFC658+837208]
	Ordinal0 [0x00B1C773+968563]
	Ordinal0 [0x00B1837A+951162]
	Ordinal0 [0x00B15C51+941137]
	Ordinal0 [0x00B48C80+1150080]
	Ordinal0 [0x00B488DA+1149146]
	Ordinal0 [0x00B43F66+1130342]
	Ordinal0 [0x00B1E546+976198]
	Ordinal0 [0x00B1F456+980054]
	GetHandleVerifier [0x00E29632+1727522]
	GetHandleVerifier [0x00EDBA4D+2457661]
	GetHandleVerifier [0x00D0EB81+569713]
	GetHandleVerifier [0x00D0DD76+566118]
	Ordinal0 [0x00C10B2B+1968939]
	Ordinal0 [0x00C15988+1989000]
	Ordinal0 [0x00C15A75+1989237]
	Ordinal0 [0x00C1ECB1+2026673]
	BaseThreadInitThunk [0x76B8FA29+25]
	RtlGetAppContainerNamedObjectPath [0x77BC7A7E+286]
	RtlGetAppContainerNamedObjectPath [0x77BC7A4E+238]

	at org.openqa.selenium.remote.W3CHandshakeResponse.lambda$errorHandler$0(W3CHandshakeResponse.java:62)
	at org.openqa.selenium.remote.HandshakeResponse.lambda$getResponseFunction$0(HandshakeResponse.java:30)
	at org.openqa.selenium.remote.ProtocolHandshake.lambda$createSession$0(ProtocolHandshake.java:126)
	at java.base/java.util.stream.ReferencePipeline$3$1.accept(ReferencePipeline.java:197)
	at java.base/java.util.Spliterators$ArraySpliterator.tryAdvance(Spliterators.java:1002)
	at java.base/java.util.stream.ReferencePipeline.forEachWithCancel(ReferencePipeline.java:129)
	at java.base/java.util.stream.AbstractPipeline.copyIntoWithCancel(AbstractPipeline.java:527)
	at java.base/java.util.stream.AbstractPipeline.copyInto(AbstractPipeline.java:513)
	at java.base/java.util.stream.AbstractPipeline.wrapAndCopyInto(AbstractPipeline.java:499)
	at java.base/java.util.stream.FindOps$FindOp.evaluateSequential(FindOps.java:150)
	at java.base/java.util.stream.AbstractPipeline.evaluate(AbstractPipeline.java:234)
	at java.base/java.util.stream.ReferencePipeline.findFirst(ReferencePipeline.java:647)
	at org.openqa.selenium.remote.ProtocolHandshake.createSession(ProtocolHandshake.java:128)
	at org.openqa.selenium.remote.ProtocolHandshake.createSession(ProtocolHandshake.java:74)
	at org.openqa.selenium.remote.HttpCommandExecutor.execute(HttpCommandExecutor.java:136)
	at org.openqa.selenium.remote.service.DriverCommandExecutor.execute(DriverCommandExecutor.java:83)
	at org.openqa.selenium.remote.RemoteWebDriver.execute(RemoteWebDriver.java:552)
	at org.openqa.selenium.remote.RemoteWebDriver.startSession(RemoteWebDriver.java:213)
	at org.openqa.selenium.remote.RemoteWebDriver.&lt;init&gt;(RemoteWebDriver.java:131)
	at org.openqa.selenium.chrome.ChromeDriver.&lt;init&gt;(ChromeDriver.java:181)
	at org.openqa.selenium.chrome.ChromeDriver.&lt;init&gt;(ChromeDriver.java:168)
	at org.openqa.selenium.chrome.ChromeDriver.&lt;init&gt;(ChromeDriver.java:123)
	at browser.Base.openChromeDriver(Base.java:13)
	at jQueryAppTestNg.VerifyDemosHeadersOfJQuery.LaunchBrowser(VerifyDemosHeadersOfJQuery.java:35)
... Removed 29 stack frames</div></td></tr></table><p class="totop"><a href="#summary">back to summary</a></p>
<h3 id="m1">jQueryAppTestNg.VerifyDemosHeadersOfJQuery#LaunchApplication</h3><table class="result"><tr><th class="invisible"/></tr></table><p class="totop"><a href="#summary">back to summary</a></p>
<h3 id="m2">jQueryAppTestNg.VerifyDemosHeadersOfJQuery#capturescreenshot</h3><table class="result"><tr><th class="invisible"/></tr></table><p class="totop"><a href="#summary">back to summary</a></p>
<h3 id="m3">jQueryAppTestNg.VerifyDemosHeadersOfJQuery#clearObjects</h3><table class="result"><tr><th class="invisible"/></tr></table><p class="totop"><a href="#summary">back to summary</a></p>
<h3 id="m4">jQueryAppTestNg.VerifyDemosHeadersOfJQuery#closeBrowesr</h3><table class="result"><tr><th class="invisible"/></tr></table><p class="totop"><a href="#summary">back to summary</a></p>
<h3 id="m5">jQueryAppTestNg.VerifyDemosHeadersOfJQuery#creatPomObjects</h3><table class="result"><tr><th class="invisible"/></tr></table><p class="totop"><a href="#summary">back to summary</a></p>
<h3 id="m6">jQueryAppTestNg.VerifyDraggablepageofJquery#clearObject</h3><table class="result"><tr><th class="invisible"/></tr></table><p class="totop"><a href="#summary">back to summary</a></p>
<h3 id="m7">jQueryAppTestNg.VerifyDraggablepageofJquery#closeBrowser</h3><table class="result"><tr><th class="invisible"/></tr></table><p class="totop"><a href="#summary">back to summary</a></p>
<h3 id="m8">jQueryAppTestNg.VerifyDraggablepageofJquery#createPOMObjects</h3><table class="result"><tr><th class="invisible"/></tr></table><p class="totop"><a href="#summary">back to summary</a></p>
<h3 id="m9">jQueryAppTestNg.VerifyDraggablepageofJquery#launchBrowser</h3><table class="result"><tr><th class="invisible"/></tr></table><p class="totop"><a href="#summary">back to summary</a></p>
<h3 id="m10">jQueryAppTestNg.VerifyDraggablepageofJquery#openApplication</h3><table class="result"><tr><th class="invisible"/></tr></table><p class="totop"><a href="#summary">back to summary</a></p>
<h3 id="m11">jQueryAppTestNg.VerifyDroppablePageofJQuery#clearobject</h3><table class="result"><tr><th class="invisible"/></tr></table><p class="totop"><a href="#summary">back to summary</a></p>
<h3 id="m12">jQueryAppTestNg.VerifyDroppablePageofJQuery#closeBrowser</h3><table class="result"><tr><th class="invisible"/></tr></table><p class="totop"><a href="#summary">back to summary</a></p>
<h3 id="m13">jQueryAppTestNg.VerifyDroppablePageofJQuery#createPOMObjects</h3><table class="result"><tr><th class="invisible"/></tr></table><p class="totop"><a href="#summary">back to summary</a></p>
<h3 id="m14">jQueryAppTestNg.VerifyDroppablePageofJQuery#launchBrowser</h3><table class="result"><tr><th class="invisible"/></tr></table><p class="totop"><a href="#summary">back to summary</a></p>
<h3 id="m15">jQueryAppTestNg.VerifyDroppablePageofJQuery#openApplication</h3><table class="result"><tr><th class="invisible"/></tr></table><p class="totop"><a href="#summary">back to summary</a></p>
<h3 id="m16">jQueryAppTestNg.VerifyDemosHeadersOfJQuery#VerifyDemosTab</h3><table class="result"><tr><th>Exception</th></tr><tr><td><div class="stacktrace">org.openqa.selenium.SessionNotCreatedException: session not created: This version of ChromeDriver only supports Chrome version 100
Current browser version is 102.0.5005.61 with binary path C:\Program Files\Google\Chrome\Application\chrome.exe
Build info: version: &apos;3.141.59&apos;, revision: &apos;e82be7d358&apos;, time: &apos;2018-11-14T08:17:03&apos;
System info: host: &apos;LAPTOP-MBVVQQFB&apos;, ip: &apos;192.168.224.177&apos;, os.name: &apos;Windows 10&apos;, os.arch: &apos;amd64&apos;, os.version: &apos;10.0&apos;, java.version: &apos;17.0.1&apos;
Driver info: driver.version: ChromeDriver
remote stacktrace: Backtrace:
	Ordinal0 [0x00C77413+2389011]
	Ordinal0 [0x00C09F61+1941345]
	Ordinal0 [0x00AFC658+837208]
	Ordinal0 [0x00B1C773+968563]
	Ordinal0 [0x00B1837A+951162]
	Ordinal0 [0x00B15C51+941137]
	Ordinal0 [0x00B48C80+1150080]
	Ordinal0 [0x00B488DA+1149146]
	Ordinal0 [0x00B43F66+1130342]
	Ordinal0 [0x00B1E546+976198]
	Ordinal0 [0x00B1F456+980054]
	GetHandleVerifier [0x00E29632+1727522]
	GetHandleVerifier [0x00EDBA4D+2457661]
	GetHandleVerifier [0x00D0EB81+569713]
	GetHandleVerifier [0x00D0DD76+566118]
	Ordinal0 [0x00C10B2B+1968939]
	Ordinal0 [0x00C15988+1989000]
	Ordinal0 [0x00C15A75+1989237]
	Ordinal0 [0x00C1ECB1+2026673]
	BaseThreadInitThunk [0x76B8FA29+25]
	RtlGetAppContainerNamedObjectPath [0x77BC7A7E+286]
	RtlGetAppContainerNamedObjectPath [0x77BC7A4E+238]

	at org.openqa.selenium.remote.W3CHandshakeResponse.lambda$errorHandler$0(W3CHandshakeResponse.java:62)
	at org.openqa.selenium.remote.HandshakeResponse.lambda$getResponseFunction$0(HandshakeResponse.java:30)
	at org.openqa.selenium.remote.ProtocolHandshake.lambda$createSession$0(ProtocolHandshake.java:126)
	at java.base/java.util.stream.ReferencePipeline$3$1.accept(ReferencePipeline.java:197)
	at java.base/java.util.Spliterators$ArraySpliterator.tryAdvance(Spliterators.java:1002)
	at java.base/java.util.stream.ReferencePipeline.forEachWithCancel(ReferencePipeline.java:129)
	at java.base/java.util.stream.AbstractPipeline.copyIntoWithCancel(AbstractPipeline.java:527)
	at java.base/java.util.stream.AbstractPipeline.copyInto(AbstractPipeline.java:513)
	at java.base/java.util.stream.AbstractPipeline.wrapAndCopyInto(AbstractPipeline.java:499)
	at java.base/java.util.stream.FindOps$FindOp.evaluateSequential(FindOps.java:150)
	at java.base/java.util.stream.AbstractPipeline.evaluate(AbstractPipeline.java:234)
	at java.base/java.util.stream.ReferencePipeline.findFirst(ReferencePipeline.java:647)
	at org.openqa.selenium.remote.ProtocolHandshake.createSession(ProtocolHandshake.java:128)
	at org.openqa.selenium.remote.ProtocolHandshake.createSession(ProtocolHandshake.java:74)
	at org.openqa.selenium.remote.HttpCommandExecutor.execute(HttpCommandExecutor.java:136)
	at org.openqa.selenium.remote.service.DriverCommandExecutor.execute(DriverCommandExecutor.java:83)
	at org.openqa.selenium.remote.RemoteWebDriver.execute(RemoteWebDriver.java:552)
	at org.openqa.selenium.remote.RemoteWebDriver.startSession(RemoteWebDriver.java:213)
	at org.openqa.selenium.remote.RemoteWebDriver.&lt;init&gt;(RemoteWebDriver.java:131)
	at org.openqa.selenium.chrome.ChromeDriver.&lt;init&gt;(ChromeDriver.java:181)
	at org.openqa.selenium.chrome.ChromeDriver.&lt;init&gt;(ChromeDriver.java:168)
	at org.openqa.selenium.chrome.ChromeDriver.&lt;init&gt;(ChromeDriver.java:123)
	at browser.Base.openChromeDriver(Base.java:13)
	at jQueryAppTestNg.VerifyDemosHeadersOfJQuery.LaunchBrowser(VerifyDemosHeadersOfJQuery.java:35)
... Removed 29 stack frames</div></td></tr></table><p class="totop"><a href="#summary">back to summary</a></p>
<h3 id="m17">jQueryAppTestNg.VerifyDraggablepageofJquery#verifyDraggableTab</h3><table class="result"><tr><th>Exception</th></tr><tr><td><div class="stacktrace">org.openqa.selenium.SessionNotCreatedException: session not created: This version of ChromeDriver only supports Chrome version 100
Current browser version is 102.0.5005.61 with binary path C:\Program Files\Google\Chrome\Application\chrome.exe
Build info: version: &apos;3.141.59&apos;, revision: &apos;e82be7d358&apos;, time: &apos;2018-11-14T08:17:03&apos;
System info: host: &apos;LAPTOP-MBVVQQFB&apos;, ip: &apos;192.168.224.177&apos;, os.name: &apos;Windows 10&apos;, os.arch: &apos;amd64&apos;, os.version: &apos;10.0&apos;, java.version: &apos;17.0.1&apos;
Driver info: driver.version: ChromeDriver
remote stacktrace: Backtrace:
	Ordinal0 [0x00C77413+2389011]
	Ordinal0 [0x00C09F61+1941345]
	Ordinal0 [0x00AFC658+837208]
	Ordinal0 [0x00B1C773+968563]
	Ordinal0 [0x00B1837A+951162]
	Ordinal0 [0x00B15C51+941137]
	Ordinal0 [0x00B48C80+1150080]
	Ordinal0 [0x00B488DA+1149146]
	Ordinal0 [0x00B43F66+1130342]
	Ordinal0 [0x00B1E546+976198]
	Ordinal0 [0x00B1F456+980054]
	GetHandleVerifier [0x00E29632+1727522]
	GetHandleVerifier [0x00EDBA4D+2457661]
	GetHandleVerifier [0x00D0EB81+569713]
	GetHandleVerifier [0x00D0DD76+566118]
	Ordinal0 [0x00C10B2B+1968939]
	Ordinal0 [0x00C15988+1989000]
	Ordinal0 [0x00C15A75+1989237]
	Ordinal0 [0x00C1ECB1+2026673]
	BaseThreadInitThunk [0x76B8FA29+25]
	RtlGetAppContainerNamedObjectPath [0x77BC7A7E+286]
	RtlGetAppContainerNamedObjectPath [0x77BC7A4E+238]

	at org.openqa.selenium.remote.W3CHandshakeResponse.lambda$errorHandler$0(W3CHandshakeResponse.java:62)
	at org.openqa.selenium.remote.HandshakeResponse.lambda$getResponseFunction$0(HandshakeResponse.java:30)
	at org.openqa.selenium.remote.ProtocolHandshake.lambda$createSession$0(ProtocolHandshake.java:126)
	at java.base/java.util.stream.ReferencePipeline$3$1.accept(ReferencePipeline.java:197)
	at java.base/java.util.Spliterators$ArraySpliterator.tryAdvance(Spliterators.java:1002)
	at java.base/java.util.stream.ReferencePipeline.forEachWithCancel(ReferencePipeline.java:129)
	at java.base/java.util.stream.AbstractPipeline.copyIntoWithCancel(AbstractPipeline.java:527)
	at java.base/java.util.stream.AbstractPipeline.copyInto(AbstractPipeline.java:513)
	at java.base/java.util.stream.AbstractPipeline.wrapAndCopyInto(AbstractPipeline.java:499)
	at java.base/java.util.stream.FindOps$FindOp.evaluateSequential(FindOps.java:150)
	at java.base/java.util.stream.AbstractPipeline.evaluate(AbstractPipeline.java:234)
	at java.base/java.util.stream.ReferencePipeline.findFirst(ReferencePipeline.java:647)
	at org.openqa.selenium.remote.ProtocolHandshake.createSession(ProtocolHandshake.java:128)
	at org.openqa.selenium.remote.ProtocolHandshake.createSession(ProtocolHandshake.java:74)
	at org.openqa.selenium.remote.HttpCommandExecutor.execute(HttpCommandExecutor.java:136)
	at org.openqa.selenium.remote.service.DriverCommandExecutor.execute(DriverCommandExecutor.java:83)
	at org.openqa.selenium.remote.RemoteWebDriver.execute(RemoteWebDriver.java:552)
	at org.openqa.selenium.remote.RemoteWebDriver.startSession(RemoteWebDriver.java:213)
	at org.openqa.selenium.remote.RemoteWebDriver.&lt;init&gt;(RemoteWebDriver.java:131)
	at org.openqa.selenium.chrome.ChromeDriver.&lt;init&gt;(ChromeDriver.java:181)
	at org.openqa.selenium.chrome.ChromeDriver.&lt;init&gt;(ChromeDriver.java:168)
	at org.openqa.selenium.chrome.ChromeDriver.&lt;init&gt;(ChromeDriver.java:123)
	at browser.Base.openChromeDriver(Base.java:13)
	at jQueryAppTestNg.VerifyDemosHeadersOfJQuery.LaunchBrowser(VerifyDemosHeadersOfJQuery.java:35)
... Removed 29 stack frames</div></td></tr></table><p class="totop"><a href="#summary">back to summary</a></p>
<h3 id="m18">jQueryAppTestNg.VerifyDroppablePageofJQuery#verifyDroppableTab</h3><table class="result"><tr><th>Exception</th></tr><tr><td><div class="stacktrace">org.openqa.selenium.SessionNotCreatedException: session not created: This version of ChromeDriver only supports Chrome version 100
Current browser version is 102.0.5005.61 with binary path C:\Program Files\Google\Chrome\Application\chrome.exe
Build info: version: &apos;3.141.59&apos;, revision: &apos;e82be7d358&apos;, time: &apos;2018-11-14T08:17:03&apos;
System info: host: &apos;LAPTOP-MBVVQQFB&apos;, ip: &apos;192.168.224.177&apos;, os.name: &apos;Windows 10&apos;, os.arch: &apos;amd64&apos;, os.version: &apos;10.0&apos;, java.version: &apos;17.0.1&apos;
Driver info: driver.version: ChromeDriver
remote stacktrace: Backtrace:
	Ordinal0 [0x00C77413+2389011]
	Ordinal0 [0x00C09F61+1941345]
	Ordinal0 [0x00AFC658+837208]
	Ordinal0 [0x00B1C773+968563]
	Ordinal0 [0x00B1837A+951162]
	Ordinal0 [0x00B15C51+941137]
	Ordinal0 [0x00B48C80+1150080]
	Ordinal0 [0x00B488DA+1149146]
	Ordinal0 [0x00B43F66+1130342]
	Ordinal0 [0x00B1E546+976198]
	Ordinal0 [0x00B1F456+980054]
	GetHandleVerifier [0x00E29632+1727522]
	GetHandleVerifier [0x00EDBA4D+2457661]
	GetHandleVerifier [0x00D0EB81+569713]
	GetHandleVerifier [0x00D0DD76+566118]
	Ordinal0 [0x00C10B2B+1968939]
	Ordinal0 [0x00C15988+1989000]
	Ordinal0 [0x00C15A75+1989237]
	Ordinal0 [0x00C1ECB1+2026673]
	BaseThreadInitThunk [0x76B8FA29+25]
	RtlGetAppContainerNamedObjectPath [0x77BC7A7E+286]
	RtlGetAppContainerNamedObjectPath [0x77BC7A4E+238]

	at org.openqa.selenium.remote.W3CHandshakeResponse.lambda$errorHandler$0(W3CHandshakeResponse.java:62)
	at org.openqa.selenium.remote.HandshakeResponse.lambda$getResponseFunction$0(HandshakeResponse.java:30)
	at org.openqa.selenium.remote.ProtocolHandshake.lambda$createSession$0(ProtocolHandshake.java:126)
	at java.base/java.util.stream.ReferencePipeline$3$1.accept(ReferencePipeline.java:197)
	at java.base/java.util.Spliterators$ArraySpliterator.tryAdvance(Spliterators.java:1002)
	at java.base/java.util.stream.ReferencePipeline.forEachWithCancel(ReferencePipeline.java:129)
	at java.base/java.util.stream.AbstractPipeline.copyIntoWithCancel(AbstractPipeline.java:527)
	at java.base/java.util.stream.AbstractPipeline.copyInto(AbstractPipeline.java:513)
	at java.base/java.util.stream.AbstractPipeline.wrapAndCopyInto(AbstractPipeline.java:499)
	at java.base/java.util.stream.FindOps$FindOp.evaluateSequential(FindOps.java:150)
	at java.base/java.util.stream.AbstractPipeline.evaluate(AbstractPipeline.java:234)
	at java.base/java.util.stream.ReferencePipeline.findFirst(ReferencePipeline.java:647)
	at org.openqa.selenium.remote.ProtocolHandshake.createSession(ProtocolHandshake.java:128)
	at org.openqa.selenium.remote.ProtocolHandshake.createSession(ProtocolHandshake.java:74)
	at org.openqa.selenium.remote.HttpCommandExecutor.execute(HttpCommandExecutor.java:136)
	at org.openqa.selenium.remote.service.DriverCommandExecutor.execute(DriverCommandExecutor.java:83)
	at org.openqa.selenium.remote.RemoteWebDriver.execute(RemoteWebDriver.java:552)
	at org.openqa.selenium.remote.RemoteWebDriver.startSession(RemoteWebDriver.java:213)
	at org.openqa.selenium.remote.RemoteWebDriver.&lt;init&gt;(RemoteWebDriver.java:131)
	at org.openqa.selenium.chrome.ChromeDriver.&lt;init&gt;(ChromeDriver.java:181)
	at org.openqa.selenium.chrome.ChromeDriver.&lt;init&gt;(ChromeDriver.java:168)
	at org.openqa.selenium.chrome.ChromeDriver.&lt;init&gt;(ChromeDriver.java:123)
	at browser.Base.openChromeDriver(Base.java:13)
	at jQueryAppTestNg.VerifyDemosHeadersOfJQuery.LaunchBrowser(VerifyDemosHeadersOfJQuery.java:35)
... Removed 29 stack frames</div></td></tr></table><p class="totop"><a href="#summary">back to summary</a></p>
<h2>EdgeTest</h2><h3 id="m19">jQueryAppTestNg.VerifyDemosHeadersOfJQuery#VerifyDemosTab</h3><table class="result"><tr><th>Exception</th></tr><tr><td><div class="stacktrace">java.lang.AssertionError: expected [https://jqueryui.com/demos/] but found [https://jqueryui.com/demo/]
	at jQueryAppTestNg.VerifyDemosHeadersOfJQuery.VerifyDemosTab(VerifyDemosHeadersOfJQuery.java:69)
	at java.base/java.util.concurrent.ThreadPoolExecutor.runWorker(ThreadPoolExecutor.java:1136)
	at java.base/java.util.concurrent.ThreadPoolExecutor$Worker.run(ThreadPoolExecutor.java:635)
	at java.base/java.lang.Thread.run(Thread.java:833)
... Removed 18 stack frames</div></td></tr></table><p class="totop"><a href="#summary">back to summary</a></p>
<h3 id="m20">jQueryAppTestNg.VerifyDraggablepageofJquery#verifyDraggableTab</h3><table class="result"><tr><th class="invisible"/></tr></table><p class="totop"><a href="#summary">back to summary</a></p>
<h3 id="m21">jQueryAppTestNg.VerifyDroppablePageofJQuery#verifyDroppableTab</h3><table class="result"><tr><th class="invisible"/></tr></table><p class="totop"><a href="#summary">back to summary</a></p>
</body>
</html>
