<?xml version="1.0" encoding="UTF-8"?>
<!-- Generated by org.testng.reporters.JUnitXMLReporter -->
<testsuite ignored="0" hostname="LAPTOP-MBVVQQFB" failures="0" tests="3" name="ChromeTest" time="2.445" errors="0" timestamp="2022-05-27T16:07:04 IST">
  <testcase classname="jQueryAppTestNg.VerifyDemosHeadersOfJQuery" name="@BeforeTest LaunchBrowser" time="2.289">
    <failure type="org.openqa.selenium.SessionNotCreatedException" message="session not created: This version of ChromeDriver only supports Chrome version 100
Current browser version is 102.0.5005.61 with binary path C:\Program Files\Google\Chrome\Application\chrome.exe
Build info: version: &amp;apos;3.141.59&amp;apos;, revision: &amp;apos;e82be7d358&amp;apos;, time: &amp;apos;2018-11-14T08:17:03&amp;apos;
System info: host: &amp;apos;LAPTOP-MBVVQQFB&amp;apos;, ip: &amp;apos;192.168.224.177&amp;apos;, os.name: &amp;apos;Windows 10&amp;apos;, os.arch: &amp;apos;amd64&amp;apos;, os.version: &amp;apos;10.0&amp;apos;, java.version: &amp;apos;17.0.1&amp;apos;
Driver info: driver.version: ChromeDriver
remote stacktrace: Backtrace:
	Ordinal0 [0x00C77413+2389011]
	Ordinal0 [0x00C09F61+1941345]
	Ordinal0 [0x00AFC658+837208]
	Ordinal0 [0x00B1C773+968563]
	Ordinal0 [0x00B1837A+951162]
	Ordinal0 [0x00B15C51+941137]
	Ordinal0 [0x00B48C80+1150080]
	Ordinal0 [0x00B488DA+1149146]
	Ordinal0 [0x00B43F66+1130342]
	Ordinal0 [0x00B1E546+976198]
	Ordinal0 [0x00B1F456+980054]
	GetHandleVerifier [0x00E29632+1727522]
	GetHandleVerifier [0x00EDBA4D+2457661]
	GetHandleVerifier [0x00D0EB81+569713]
	GetHandleVerifier [0x00D0DD76+566118]
	Ordinal0 [0x00C10B2B+1968939]
	Ordinal0 [0x00C15988+1989000]
	Ordinal0 [0x00C15A75+1989237]
	Ordinal0 [0x00C1ECB1+2026673]
	BaseThreadInitThunk [0x76B8FA29+25]
	RtlGetAppContainerNamedObjectPath [0x77BC7A7E+286]
	RtlGetAppContainerNamedObjectPath [0x77BC7A4E+238]
">
      <![CDATA[org.openqa.selenium.SessionNotCreatedException: session not created: This version of ChromeDriver only supports Chrome version 100
Current browser version is 102.0.5005.61 with binary path C:\Program Files\Google\Chrome\Application\chrome.exe
Build info: version: '3.141.59', revision: 'e82be7d358', time: '2018-11-14T08:17:03'
System info: host: 'LAPTOP-MBVVQQFB', ip: '192.168.224.177', os.name: 'Windows 10', os.arch: 'amd64', os.version: '10.0', java.version: '17.0.1'
Driver info: driver.version: ChromeDriver
remote stacktrace: Backtrace:
Ordinal0 [0x00C77413+2389011]
Ordinal0 [0x00C09F61+1941345]
Ordinal0 [0x00AFC658+837208]
Ordinal0 [0x00B1C773+968563]
Ordinal0 [0x00B1837A+951162]
Ordinal0 [0x00B15C51+941137]
Ordinal0 [0x00B48C80+1150080]
Ordinal0 [0x00B488DA+1149146]
Ordinal0 [0x00B43F66+1130342]
Ordinal0 [0x00B1E546+976198]
Ordinal0 [0x00B1F456+980054]
GetHandleVerifier [0x00E29632+1727522]
GetHandleVerifier [0x00EDBA4D+2457661]
GetHandleVerifier [0x00D0EB81+569713]
GetHandleVerifier [0x00D0DD76+566118]
Ordinal0 [0x00C10B2B+1968939]
Ordinal0 [0x00C15988+1989000]
Ordinal0 [0x00C15A75+1989237]
Ordinal0 [0x00C1ECB1+2026673]
BaseThreadInitThunk [0x76B8FA29+25]
RtlGetAppContainerNamedObjectPath [0x77BC7A7E+286]
RtlGetAppContainerNamedObjectPath [0x77BC7A4E+238]

at org.openqa.selenium.remote.W3CHandshakeResponse.lambda$errorHandler$0(W3CHandshakeResponse.java:62)
at org.openqa.selenium.remote.HandshakeResponse.lambda$getResponseFunction$0(HandshakeResponse.java:30)
at org.openqa.selenium.remote.ProtocolHandshake.lambda$createSession$0(ProtocolHandshake.java:126)
at java.base/java.util.stream.ReferencePipeline$3$1.accept(ReferencePipeline.java:197)
at java.base/java.util.Spliterators$ArraySpliterator.tryAdvance(Spliterators.java:1002)
at java.base/java.util.stream.ReferencePipeline.forEachWithCancel(ReferencePipeline.java:129)
at java.base/java.util.stream.AbstractPipeline.copyIntoWithCancel(AbstractPipeline.java:527)
at java.base/java.util.stream.AbstractPipeline.copyInto(AbstractPipeline.java:513)
at java.base/java.util.stream.AbstractPipeline.wrapAndCopyInto(AbstractPipeline.java:499)
at java.base/java.util.stream.FindOps$FindOp.evaluateSequential(FindOps.java:150)
at java.base/java.util.stream.AbstractPipeline.evaluate(AbstractPipeline.java:234)
at java.base/java.util.stream.ReferencePipeline.findFirst(ReferencePipeline.java:647)
at org.openqa.selenium.remote.ProtocolHandshake.createSession(ProtocolHandshake.java:128)
at org.openqa.selenium.remote.ProtocolHandshake.createSession(ProtocolHandshake.java:74)
at org.openqa.selenium.remote.HttpCommandExecutor.execute(HttpCommandExecutor.java:136)
at org.openqa.selenium.remote.service.DriverCommandExecutor.execute(DriverCommandExecutor.java:83)
at org.openqa.selenium.remote.RemoteWebDriver.execute(RemoteWebDriver.java:552)
at org.openqa.selenium.remote.RemoteWebDriver.startSession(RemoteWebDriver.java:213)
at org.openqa.selenium.remote.RemoteWebDriver.<init>(RemoteWebDriver.java:131)
at org.openqa.selenium.chrome.ChromeDriver.<init>(ChromeDriver.java:181)
at org.openqa.selenium.chrome.ChromeDriver.<init>(ChromeDriver.java:168)
at org.openqa.selenium.chrome.ChromeDriver.<init>(ChromeDriver.java:123)
at browser.Base.openChromeDriver(Base.java:13)
at jQueryAppTestNg.VerifyDemosHeadersOfJQuery.LaunchBrowser(VerifyDemosHeadersOfJQuery.java:35)
... Removed 29 stack frames]]>
    </failure>
  </testcase> <!-- @BeforeTest LaunchBrowser -->
  <testcase classname="jQueryAppTestNg.VerifyDraggablepageofJquery" name="@BeforeTest launchBrowser" time="0.0">
    <skipped/>
  </testcase> <!-- @BeforeTest launchBrowser -->
  <testcase classname="jQueryAppTestNg.VerifyDroppablePageofJQuery" name="@BeforeTest launchBrowser" time="0.0">
    <skipped/>
  </testcase> <!-- @BeforeTest launchBrowser -->
  <testcase classname="jQueryAppTestNg.VerifyDraggablepageofJquery" name="@BeforeClass createPOMObjects" time="0.0">
    <skipped/>
  </testcase> <!-- @BeforeClass createPOMObjects -->
  <testcase classname="jQueryAppTestNg.VerifyDroppablePageofJQuery" name="@BeforeClass createPOMObjects" time="0.0">
    <skipped/>
  </testcase> <!-- @BeforeClass createPOMObjects -->
  <testcase classname="jQueryAppTestNg.VerifyDemosHeadersOfJQuery" name="@BeforeClass creatPomObjects" time="0.0">
    <skipped/>
  </testcase> <!-- @BeforeClass creatPomObjects -->
  <testcase classname="jQueryAppTestNg.VerifyDemosHeadersOfJQuery" name="@BeforeMethod LaunchApplication" time="0.0">
    <skipped/>
  </testcase> <!-- @BeforeMethod LaunchApplication -->
  <testcase classname="jQueryAppTestNg.VerifyDemosHeadersOfJQuery" name="@AfterMethod capturescreenshot" time="0.0">
    <skipped/>
  </testcase> <!-- @AfterMethod capturescreenshot -->
  <testcase classname="jQueryAppTestNg.VerifyDemosHeadersOfJQuery" name="@AfterClass clearObjects" time="0.0">
    <skipped/>
  </testcase> <!-- @AfterClass clearObjects -->
  <testcase classname="jQueryAppTestNg.VerifyDroppablePageofJQuery" name="@BeforeMethod openApplication" time="0.0">
    <skipped/>
  </testcase> <!-- @BeforeMethod openApplication -->
  <testcase classname="jQueryAppTestNg.VerifyDraggablepageofJquery" name="@BeforeMethod openApplication" time="0.0">
    <skipped/>
  </testcase> <!-- @BeforeMethod openApplication -->
  <testcase classname="jQueryAppTestNg.VerifyDraggablepageofJquery" name="@AfterClass clearObject" time="0.0">
    <skipped/>
  </testcase> <!-- @AfterClass clearObject -->
  <testcase classname="jQueryAppTestNg.VerifyDroppablePageofJQuery" name="@AfterClass clearobject" time="0.0">
    <skipped/>
  </testcase> <!-- @AfterClass clearobject -->
  <testcase classname="jQueryAppTestNg.VerifyDemosHeadersOfJQuery" name="@AfterTest closeBrowesr" time="0.0">
    <skipped/>
  </testcase> <!-- @AfterTest closeBrowesr -->
  <testcase classname="jQueryAppTestNg.VerifyDraggablepageofJquery" name="@AfterTest closeBrowser" time="0.0">
    <skipped/>
  </testcase> <!-- @AfterTest closeBrowser -->
  <testcase classname="jQueryAppTestNg.VerifyDroppablePageofJQuery" name="@AfterTest closeBrowser" time="0.0">
    <skipped/>
  </testcase> <!-- @AfterTest closeBrowser -->
  <testcase classname="jQueryAppTestNg.VerifyDemosHeadersOfJQuery" name="VerifyDemosTab" time="0.0">
    <skipped/>
  </testcase> <!-- VerifyDemosTab -->
  <testcase classname="jQueryAppTestNg.VerifyDraggablepageofJquery" name="verifyDraggableTab" time="0.0">
    <skipped/>
  </testcase> <!-- verifyDraggableTab -->
  <testcase classname="jQueryAppTestNg.VerifyDroppablePageofJQuery" name="verifyDroppableTab" time="0.0">
    <skipped/>
  </testcase> <!-- verifyDroppableTab -->
</testsuite> <!-- ChromeTest -->
