<?xml version="1.0" encoding="UTF-8"?>
<!-- Generated by org.testng.reporters.JUnitReportReporter -->
<testsuite hostname="LAPTOP-MBVVQQFB" failures="1" tests="3" name="jQueryAppTestNg.VerifyDemosHeadersOfJQuery" time="7.490" errors="1" timestamp="2022-05-27T16:07:24 IST" skipped="1">
  <testcase classname="jQueryAppTestNg.VerifyDemosHeadersOfJQuery" name="VerifyDemosTab" time="0.000">
    <skipped/>
  </testcase> <!-- VerifyDemosTab -->
  <system-out/>
  <testcase classname="jQueryAppTestNg.VerifyDemosHeadersOfJQuery" name="VerifyDemosTab" time="5.201">
    <failure message="expected [https://jqueryui.com/demos/] but found [https://jqueryui.com/demo/]" type="java.lang.AssertionError">
      <![CDATA[java.lang.AssertionError: expected [https://jqueryui.com/demos/] but found [https://jqueryui.com/demo/]
at org.testng.Assert.fail(Assert.java:110)
at org.testng.Assert.failNotEquals(Assert.java:1413)
at org.testng.Assert.assertEqualsImpl(Assert.java:149)
at org.testng.Assert.assertEquals(Assert.java:131)
at org.testng.Assert.assertEquals(Assert.java:655)
at org.testng.Assert.assertEquals(Assert.java:665)
at jQueryAppTestNg.VerifyDemosHeadersOfJQuery.VerifyDemosTab(VerifyDemosHeadersOfJQuery.java:69)
at java.base/jdk.internal.reflect.NativeMethodAccessorImpl.invoke0(Native Method)
at java.base/jdk.internal.reflect.NativeMethodAccessorImpl.invoke(NativeMethodAccessorImpl.java:77)
at java.base/jdk.internal.reflect.DelegatingMethodAccessorImpl.invoke(DelegatingMethodAccessorImpl.java:43)
at java.base/java.lang.reflect.Method.invoke(Method.java:568)
at org.testng.internal.invokers.MethodInvocationHelper.invokeMethod(MethodInvocationHelper.java:139)
at org.testng.internal.invokers.TestInvoker.invokeMethod(TestInvoker.java:677)
at org.testng.internal.invokers.TestInvoker.invokeTestMethod(TestInvoker.java:221)
at org.testng.internal.invokers.MethodRunner.runInSequence(MethodRunner.java:50)
at org.testng.internal.invokers.TestInvoker$MethodInvocationAgent.invoke(TestInvoker.java:962)
at org.testng.internal.invokers.TestInvoker.invokeTestMethods(TestInvoker.java:194)
at org.testng.internal.invokers.TestMethodWorker.invokeTestMethods(TestMethodWorker.java:148)
at org.testng.internal.invokers.TestMethodWorker.run(TestMethodWorker.java:128)
at java.base/java.util.concurrent.ThreadPoolExecutor.runWorker(ThreadPoolExecutor.java:1136)
at java.base/java.util.concurrent.ThreadPoolExecutor$Worker.run(ThreadPoolExecutor.java:635)
at java.base/java.lang.Thread.run(Thread.java:833)
]]>
    </failure>
  </testcase> <!-- VerifyDemosTab -->
  <system-out/>
  <testcase classname="jQueryAppTestNg.VerifyDemosHeadersOfJQuery" name="LaunchBrowser" time="2.289">
    <error message="session not created: This version of ChromeDriver only supports Chrome version 100
Current browser version is 102.0.5005.61 with binary path C:\Program Files\Google\Chrome\Application\chrome.exe
Build info: version: &#039;3.141.59&#039;, revision: &#039;e82be7d358&#039;, time: &#039;2018-11-14T08:17:03&#039;
System info: host: &#039;LAPTOP-MBVVQQFB&#039;, ip: &#039;192.168.224.177&#039;, os.name: &#039;Windows 10&#039;, os.arch: &#039;amd64&#039;, os.version: &#039;10.0&#039;, java.version: &#039;17.0.1&#039;
Driver info: driver.version: ChromeDriver
remote stacktrace: Backtrace:
	Ordinal0 [0x00C77413+2389011]
	Ordinal0 [0x00C09F61+1941345]
	Ordinal0 [0x00AFC658+837208]
	Ordinal0 [0x00B1C773+968563]
	Ordinal0 [0x00B1837A+951162]
	Ordinal0 [0x00B15C51+941137]
	Ordinal0 [0x00B48C80+1150080]
	Ordinal0 [0x00B488DA+1149146]
	Ordinal0 [0x00B43F66+1130342]
	Ordinal0 [0x00B1E546+976198]
	Ordinal0 [0x00B1F456+980054]
	GetHandleVerifier [0x00E29632+1727522]
	GetHandleVerifier [0x00EDBA4D+2457661]
	GetHandleVerifier [0x00D0EB81+569713]
	GetHandleVerifier [0x00D0DD76+566118]
	Ordinal0 [0x00C10B2B+1968939]
	Ordinal0 [0x00C15988+1989000]
	Ordinal0 [0x00C15A75+1989237]
	Ordinal0 [0x00C1ECB1+2026673]
	BaseThreadInitThunk [0x76B8FA29+25]
	RtlGetAppContainerNamedObjectPath [0x77BC7A7E+286]
	RtlGetAppContainerNamedObjectPath [0x77BC7A4E+238]
" type="org.openqa.selenium.SessionNotCreatedException">
      <![CDATA[org.openqa.selenium.SessionNotCreatedException: session not created: This version of ChromeDriver only supports Chrome version 100
Current browser version is 102.0.5005.61 with binary path C:\Program Files\Google\Chrome\Application\chrome.exe
Build info: version: '3.141.59', revision: 'e82be7d358', time: '2018-11-14T08:17:03'
System info: host: 'LAPTOP-MBVVQQFB', ip: '192.168.224.177', os.name: 'Windows 10', os.arch: 'amd64', os.version: '10.0', java.version: '17.0.1'
Driver info: driver.version: ChromeDriver
remote stacktrace: Backtrace:
Ordinal0 [0x00C77413+2389011]
Ordinal0 [0x00C09F61+1941345]
Ordinal0 [0x00AFC658+837208]
Ordinal0 [0x00B1C773+968563]
Ordinal0 [0x00B1837A+951162]
Ordinal0 [0x00B15C51+941137]
Ordinal0 [0x00B48C80+1150080]
Ordinal0 [0x00B488DA+1149146]
Ordinal0 [0x00B43F66+1130342]
Ordinal0 [0x00B1E546+976198]
Ordinal0 [0x00B1F456+980054]
GetHandleVerifier [0x00E29632+1727522]
GetHandleVerifier [0x00EDBA4D+2457661]
GetHandleVerifier [0x00D0EB81+569713]
GetHandleVerifier [0x00D0DD76+566118]
Ordinal0 [0x00C10B2B+1968939]
Ordinal0 [0x00C15988+1989000]
Ordinal0 [0x00C15A75+1989237]
Ordinal0 [0x00C1ECB1+2026673]
BaseThreadInitThunk [0x76B8FA29+25]
RtlGetAppContainerNamedObjectPath [0x77BC7A7E+286]
RtlGetAppContainerNamedObjectPath [0x77BC7A4E+238]

at java.base/jdk.internal.reflect.NativeConstructorAccessorImpl.newInstance0(Native Method)
at java.base/jdk.internal.reflect.NativeConstructorAccessorImpl.newInstance(NativeConstructorAccessorImpl.java:77)
at java.base/jdk.internal.reflect.DelegatingConstructorAccessorImpl.newInstance(DelegatingConstructorAccessorImpl.java:45)
at java.base/java.lang.reflect.Constructor.newInstanceWithCaller(Constructor.java:499)
at java.base/java.lang.reflect.Constructor.newInstance(Constructor.java:480)
at org.openqa.selenium.remote.W3CHandshakeResponse.lambda$errorHandler$0(W3CHandshakeResponse.java:62)
at org.openqa.selenium.remote.HandshakeResponse.lambda$getResponseFunction$0(HandshakeResponse.java:30)
at org.openqa.selenium.remote.ProtocolHandshake.lambda$createSession$0(ProtocolHandshake.java:126)
at java.base/java.util.stream.ReferencePipeline$3$1.accept(ReferencePipeline.java:197)
at java.base/java.util.Spliterators$ArraySpliterator.tryAdvance(Spliterators.java:1002)
at java.base/java.util.stream.ReferencePipeline.forEachWithCancel(ReferencePipeline.java:129)
at java.base/java.util.stream.AbstractPipeline.copyIntoWithCancel(AbstractPipeline.java:527)
at java.base/java.util.stream.AbstractPipeline.copyInto(AbstractPipeline.java:513)
at java.base/java.util.stream.AbstractPipeline.wrapAndCopyInto(AbstractPipeline.java:499)
at java.base/java.util.stream.FindOps$FindOp.evaluateSequential(FindOps.java:150)
at java.base/java.util.stream.AbstractPipeline.evaluate(AbstractPipeline.java:234)
at java.base/java.util.stream.ReferencePipeline.findFirst(ReferencePipeline.java:647)
at org.openqa.selenium.remote.ProtocolHandshake.createSession(ProtocolHandshake.java:128)
at org.openqa.selenium.remote.ProtocolHandshake.createSession(ProtocolHandshake.java:74)
at org.openqa.selenium.remote.HttpCommandExecutor.execute(HttpCommandExecutor.java:136)
at org.openqa.selenium.remote.service.DriverCommandExecutor.execute(DriverCommandExecutor.java:83)
at org.openqa.selenium.remote.RemoteWebDriver.execute(RemoteWebDriver.java:552)
at org.openqa.selenium.remote.RemoteWebDriver.startSession(RemoteWebDriver.java:213)
at org.openqa.selenium.remote.RemoteWebDriver.<init>(RemoteWebDriver.java:131)
at org.openqa.selenium.chrome.ChromeDriver.<init>(ChromeDriver.java:181)
at org.openqa.selenium.chrome.ChromeDriver.<init>(ChromeDriver.java:168)
at org.openqa.selenium.chrome.ChromeDriver.<init>(ChromeDriver.java:123)
at browser.Base.openChromeDriver(Base.java:13)
at jQueryAppTestNg.VerifyDemosHeadersOfJQuery.LaunchBrowser(VerifyDemosHeadersOfJQuery.java:35)
at java.base/jdk.internal.reflect.NativeMethodAccessorImpl.invoke0(Native Method)
at java.base/jdk.internal.reflect.NativeMethodAccessorImpl.invoke(NativeMethodAccessorImpl.java:77)
at java.base/jdk.internal.reflect.DelegatingMethodAccessorImpl.invoke(DelegatingMethodAccessorImpl.java:43)
at java.base/java.lang.reflect.Method.invoke(Method.java:568)
at org.testng.internal.invokers.MethodInvocationHelper.invokeMethod(MethodInvocationHelper.java:139)
at org.testng.internal.invokers.MethodInvocationHelper.invokeMethodConsideringTimeout(MethodInvocationHelper.java:69)
at org.testng.internal.invokers.ConfigInvoker.invokeConfigurationMethod(ConfigInvoker.java:361)
at org.testng.internal.invokers.ConfigInvoker.invokeConfigurations(ConfigInvoker.java:296)
at org.testng.TestRunner.invokeTestConfigurations(TestRunner.java:643)
at org.testng.TestRunner.beforeRun(TestRunner.java:632)
at org.testng.TestRunner.run(TestRunner.java:594)
at org.testng.SuiteRunner.runTest(SuiteRunner.java:433)
at org.testng.SuiteRunner.runSequentially(SuiteRunner.java:427)
at org.testng.SuiteRunner.privateRun(SuiteRunner.java:387)
at org.testng.SuiteRunner.run(SuiteRunner.java:330)
at org.testng.SuiteRunnerWorker.runSuite(SuiteRunnerWorker.java:52)
at org.testng.SuiteRunnerWorker.run(SuiteRunnerWorker.java:95)
at org.testng.TestNG.runSuitesSequentially(TestNG.java:1256)
at org.testng.TestNG.runSuitesLocally(TestNG.java:1176)
at org.testng.TestNG.runSuites(TestNG.java:1099)
at org.testng.TestNG.run(TestNG.java:1067)
at org.testng.remote.AbstractRemoteTestNG.run(AbstractRemoteTestNG.java:115)
at org.testng.remote.RemoteTestNG.initAndRun(RemoteTestNG.java:251)
at org.testng.remote.RemoteTestNG.main(RemoteTestNG.java:77)
]]>
    </error>
  </testcase> <!-- LaunchBrowser -->
  <system-out/>
</testsuite> <!-- jQueryAppTestNg.VerifyDemosHeadersOfJQuery -->
